{"/home/runner/work/loop-app/loop-app/backend/controllers/authController.js": {"path":"/home/runner/work/loop-app/loop-app/backend/controllers/authController.js","statementMap":{"0":{"start":{"line":1,"column":17},"end":{"line":1,"column":36}},"1":{"start":{"line":2,"column":12},"end":{"line":2,"column":35}},"2":{"start":{"line":3,"column":25},"end":{"line":3,"column":50}},"3":{"start":{"line":4,"column":15},"end":{"line":4,"column":34}},"4":{"start":{"line":6,"column":15},"end":{"line":6,"column":33}},"5":{"start":{"line":8,"column":0},"end":{"line":37,"column":2}},"6":{"start":{"line":9,"column":2},"end":{"line":36,"column":21}},"7":{"start":{"line":10,"column":4},"end":{"line":10,"column":30}},"8":{"start":{"line":10,"column":13},"end":{"line":10,"column":30}},"9":{"start":{"line":11,"column":4},"end":{"line":11,"column":70}},"10":{"start":{"line":11,"column":15},"end":{"line":11,"column":70}},"11":{"start":{"line":13,"column":4},"end":{"line":35,"column":7}},"12":{"start":{"line":14,"column":6},"end":{"line":14,"column":32}},"13":{"start":{"line":14,"column":15},"end":{"line":14,"column":32}},"14":{"start":{"line":17,"column":20},"end":{"line":21,"column":7}},"15":{"start":{"line":24,"column":6},"end":{"line":34,"column":9}},"16":{"start":{"line":39,"column":0},"end":{"line":80,"column":2}},"17":{"start":{"line":47,"column":6},"end":{"line":47,"column":14}},"18":{"start":{"line":49,"column":2},"end":{"line":79,"column":3}},"19":{"start":{"line":50,"column":25},"end":{"line":50,"column":75}},"20":{"start":{"line":51,"column":4},"end":{"line":53,"column":5}},"21":{"start":{"line":52,"column":6},"end":{"line":52,"column":71}},"22":{"start":{"line":55,"column":27},"end":{"line":55,"column":58}},"23":{"start":{"line":57,"column":20},"end":{"line":66,"column":6}},"24":{"start":{"line":68,"column":52},"end":{"line":68,"column":59}},"25":{"start":{"line":70,"column":4},"end":{"line":73,"column":7}},"26":{"start":{"line":75,"column":4},"end":{"line":75,"column":40}},"27":{"start":{"line":76,"column":4},"end":{"line":78,"column":68}},"28":{"start":{"line":81,"column":0},"end":{"line":88,"column":2}},"29":{"start":{"line":82,"column":2},"end":{"line":87,"column":5}},"30":{"start":{"line":83,"column":4},"end":{"line":85,"column":5}},"31":{"start":{"line":84,"column":6},"end":{"line":84,"column":76}},"32":{"start":{"line":86,"column":4},"end":{"line":86,"column":59}}},"fnMap":{"0":{"name":"(anonymous_0)","decl":{"start":{"line":8,"column":16},"end":{"line":8,"column":17}},"loc":{"start":{"line":8,"column":36},"end":{"line":37,"column":1}},"line":8},"1":{"name":"(anonymous_1)","decl":{"start":{"line":9,"column":33},"end":{"line":9,"column":34}},"loc":{"start":{"line":9,"column":60},"end":{"line":36,"column":3}},"line":9},"2":{"name":"(anonymous_2)","decl":{"start":{"line":13,"column":20},"end":{"line":13,"column":21}},"loc":{"start":{"line":13,"column":29},"end":{"line":35,"column":5}},"line":13},"3":{"name":"(anonymous_3)","decl":{"start":{"line":39,"column":17},"end":{"line":39,"column":18}},"loc":{"start":{"line":39,"column":37},"end":{"line":80,"column":1}},"line":39},"4":{"name":"(anonymous_4)","decl":{"start":{"line":81,"column":17},"end":{"line":81,"column":18}},"loc":{"start":{"line":81,"column":31},"end":{"line":88,"column":1}},"line":81},"5":{"name":"(anonymous_5)","decl":{"start":{"line":82,"column":13},"end":{"line":82,"column":14}},"loc":{"start":{"line":82,"column":22},"end":{"line":87,"column":3}},"line":82}},"branchMap":{"0":{"loc":{"start":{"line":10,"column":4},"end":{"line":10,"column":30}},"type":"if","locations":[{"start":{"line":10,"column":4},"end":{"line":10,"column":30}},{"start":{},"end":{}}],"line":10},"1":{"loc":{"start":{"line":11,"column":4},"end":{"line":11,"column":70}},"type":"if","locations":[{"start":{"line":11,"column":4},"end":{"line":11,"column":70}},{"start":{},"end":{}}],"line":11},"2":{"loc":{"start":{"line":14,"column":6},"end":{"line":14,"column":32}},"type":"if","locations":[{"start":{"line":14,"column":6},"end":{"line":14,"column":32}},{"start":{},"end":{}}],"line":14},"3":{"loc":{"start":{"line":45,"column":4},"end":{"line":45,"column":17}},"type":"default-arg","locations":[{"start":{"line":45,"column":11},"end":{"line":45,"column":17}}],"line":45},"4":{"loc":{"start":{"line":51,"column":4},"end":{"line":53,"column":5}},"type":"if","locations":[{"start":{"line":51,"column":4},"end":{"line":53,"column":5}},{"start":{},"end":{}}],"line":51},"5":{"loc":{"start":{"line":83,"column":4},"end":{"line":85,"column":5}},"type":"if","locations":[{"start":{"line":83,"column":4},"end":{"line":85,"column":5}},{"start":{},"end":{}}],"line":83}},"s":{"0":1,"1":1,"2":1,"3":1,"4":1,"5":1,"6":0,"7":0,"8":0,"9":0,"10":0,"11":0,"12":0,"13":0,"14":0,"15":0,"16":1,"17":6,"18":6,"19":6,"20":5,"21":1,"22":4,"23":3,"24":3,"25":3,"26":2,"27":2,"28":1,"29":0,"30":0,"31":0,"32":0},"f":{"0":0,"1":0,"2":0,"3":6,"4":0,"5":0},"b":{"0":[0,0],"1":[0,0],"2":[0,0],"3":[5],"4":[1,4],"5":[0,0]},"_coverageSchema":"1a1c01bbd47fc00a2c39e90264f33305004495a9","hash":"be9fe65cacc57d89591c29773b8a9ac528d908d0"}
,"/home/runner/work/loop-app/loop-app/backend/controllers/imageController.js": {"path":"/home/runner/work/loop-app/loop-app/backend/controllers/imageController.js","statementMap":{"0":{"start":{"line":1,"column":16},"end":{"line":1,"column":34}},"1":{"start":{"line":2,"column":12},"end":{"line":2,"column":21}},"2":{"start":{"line":3,"column":25},"end":{"line":3,"column":50}},"3":{"start":{"line":4,"column":15},"end":{"line":4,"column":33}},"4":{"start":{"line":5,"column":31},"end":{"line":5,"column":70}},"5":{"start":{"line":7,"column":0},"end":{"line":22,"column":2}},"6":{"start":{"line":8,"column":2},"end":{"line":21,"column":3}},"7":{"start":{"line":9,"column":20},"end":{"line":9,"column":28}},"8":{"start":{"line":11,"column":4},"end":{"line":13,"column":5}},"9":{"start":{"line":12,"column":6},"end":{"line":12,"column":64}},"10":{"start":{"line":15,"column":18},"end":{"line":15,"column":47}},"11":{"start":{"line":17,"column":4},"end":{"line":17,"column":39}},"12":{"start":{"line":19,"column":4},"end":{"line":19,"column":52}},"13":{"start":{"line":20,"column":4},"end":{"line":20,"column":63}}},"fnMap":{"0":{"name":"(anonymous_0)","decl":{"start":{"line":7,"column":22},"end":{"line":7,"column":23}},"loc":{"start":{"line":7,"column":42},"end":{"line":22,"column":1}},"line":7}},"branchMap":{"0":{"loc":{"start":{"line":11,"column":4},"end":{"line":13,"column":5}},"type":"if","locations":[{"start":{"line":11,"column":4},"end":{"line":13,"column":5}},{"start":{},"end":{}}],"line":11}},"s":{"0":1,"1":1,"2":1,"3":1,"4":1,"5":1,"6":5,"7":5,"8":5,"9":3,"10":2,"11":1,"12":1,"13":1},"f":{"0":5},"b":{"0":[3,2]},"_coverageSchema":"1a1c01bbd47fc00a2c39e90264f33305004495a9","hash":"990391702af32c67576a341e750585659b983797"}
,"/home/runner/work/loop-app/loop-app/backend/controllers/placeController.js": {"path":"/home/runner/work/loop-app/loop-app/backend/controllers/placeController.js","statementMap":{"0":{"start":{"line":1,"column":25},"end":{"line":1,"column":50}},"1":{"start":{"line":2,"column":15},"end":{"line":2,"column":33}},"2":{"start":{"line":4,"column":0},"end":{"line":60,"column":2}},"3":{"start":{"line":6,"column":4},"end":{"line":6,"column":12}},"4":{"start":{"line":8,"column":2},"end":{"line":59,"column":3}},"5":{"start":{"line":9,"column":19},"end":{"line":9,"column":30}},"6":{"start":{"line":11,"column":20},"end":{"line":16,"column":6}},"7":{"start":{"line":18,"column":21},"end":{"line":45,"column":6}},"8":{"start":{"line":27,"column":41},"end":{"line":29,"column":11}},"9":{"start":{"line":32,"column":43},"end":{"line":34,"column":11}},"10":{"start":{"line":47,"column":27},"end":{"line":50,"column":5}},"11":{"start":{"line":49,"column":42},"end":{"line":49,"column":53}},"12":{"start":{"line":51,"column":4},"end":{"line":53,"column":78}},"13":{"start":{"line":55,"column":4},"end":{"line":55,"column":50}},"14":{"start":{"line":56,"column":4},"end":{"line":58,"column":71}},"15":{"start":{"line":62,"column":0},"end":{"line":85,"column":2}},"16":{"start":{"line":63,"column":2},"end":{"line":84,"column":3}},"17":{"start":{"line":64,"column":24},"end":{"line":71,"column":6}},"18":{"start":{"line":73,"column":4},"end":{"line":77,"column":7}},"19":{"start":{"line":79,"column":4},"end":{"line":79,"column":51}},"20":{"start":{"line":80,"column":4},"end":{"line":83,"column":7}},"21":{"start":{"line":87,"column":0},"end":{"line":117,"column":2}},"22":{"start":{"line":88,"column":17},"end":{"line":88,"column":27}},"23":{"start":{"line":89,"column":2},"end":{"line":116,"column":3}},"24":{"start":{"line":90,"column":18},"end":{"line":98,"column":6}},"25":{"start":{"line":100,"column":4},"end":{"line":102,"column":5}},"26":{"start":{"line":101,"column":6},"end":{"line":101,"column":66}},"27":{"start":{"line":104,"column":4},"end":{"line":107,"column":7}},"28":{"start":{"line":109,"column":4},"end":{"line":109,"column":50}},"29":{"start":{"line":110,"column":4},"end":{"line":115,"column":7}},"30":{"start":{"line":119,"column":0},"end":{"line":173,"column":2}},"31":{"start":{"line":120,"column":17},"end":{"line":120,"column":27}},"32":{"start":{"line":121,"column":68},"end":{"line":121,"column":76}},"33":{"start":{"line":123,"column":2},"end":{"line":172,"column":3}},"34":{"start":{"line":124,"column":18},"end":{"line":126,"column":6}},"35":{"start":{"line":128,"column":4},"end":{"line":130,"column":5}},"36":{"start":{"line":129,"column":6},"end":{"line":129,"column":66}},"37":{"start":{"line":132,"column":25},"end":{"line":155,"column":6}},"38":{"start":{"line":147,"column":41},"end":{"line":149,"column":11}},"39":{"start":{"line":157,"column":27},"end":{"line":160,"column":5}},"40":{"start":{"line":159,"column":46},"end":{"line":159,"column":57}},"41":{"start":{"line":162,"column":4},"end":{"line":165,"column":7}},"42":{"start":{"line":167,"column":4},"end":{"line":167,"column":50}},"43":{"start":{"line":168,"column":4},"end":{"line":171,"column":7}},"44":{"start":{"line":175,"column":0},"end":{"line":213,"column":2}},"45":{"start":{"line":176,"column":17},"end":{"line":176,"column":27}},"46":{"start":{"line":177,"column":18},"end":{"line":177,"column":27}},"47":{"start":{"line":179,"column":2},"end":{"line":212,"column":3}},"48":{"start":{"line":180,"column":18},"end":{"line":182,"column":6}},"49":{"start":{"line":184,"column":4},"end":{"line":186,"column":5}},"50":{"start":{"line":185,"column":6},"end":{"line":185,"column":66}},"51":{"start":{"line":188,"column":4},"end":{"line":201,"column":7}},"52":{"start":{"line":203,"column":4},"end":{"line":205,"column":79}},"53":{"start":{"line":207,"column":4},"end":{"line":207,"column":50}},"54":{"start":{"line":208,"column":4},"end":{"line":211,"column":7}}},"fnMap":{"0":{"name":"(anonymous_0)","decl":{"start":{"line":4,"column":22},"end":{"line":4,"column":23}},"loc":{"start":{"line":4,"column":42},"end":{"line":60,"column":1}},"line":4},"1":{"name":"(anonymous_1)","decl":{"start":{"line":27,"column":28},"end":{"line":27,"column":29}},"loc":{"start":{"line":27,"column":41},"end":{"line":29,"column":11}},"line":27},"2":{"name":"(anonymous_2)","decl":{"start":{"line":32,"column":29},"end":{"line":32,"column":30}},"loc":{"start":{"line":32,"column":43},"end":{"line":34,"column":11}},"line":32},"3":{"name":"(anonymous_3)","decl":{"start":{"line":49,"column":32},"end":{"line":49,"column":33}},"loc":{"start":{"line":49,"column":42},"end":{"line":49,"column":53}},"line":49},"4":{"name":"(anonymous_4)","decl":{"start":{"line":62,"column":23},"end":{"line":62,"column":24}},"loc":{"start":{"line":62,"column":43},"end":{"line":85,"column":1}},"line":62},"5":{"name":"(anonymous_5)","decl":{"start":{"line":87,"column":23},"end":{"line":87,"column":24}},"loc":{"start":{"line":87,"column":43},"end":{"line":117,"column":1}},"line":87},"6":{"name":"(anonymous_6)","decl":{"start":{"line":119,"column":22},"end":{"line":119,"column":23}},"loc":{"start":{"line":119,"column":42},"end":{"line":173,"column":1}},"line":119},"7":{"name":"(anonymous_7)","decl":{"start":{"line":147,"column":28},"end":{"line":147,"column":29}},"loc":{"start":{"line":147,"column":41},"end":{"line":149,"column":11}},"line":147},"8":{"name":"(anonymous_8)","decl":{"start":{"line":159,"column":36},"end":{"line":159,"column":37}},"loc":{"start":{"line":159,"column":46},"end":{"line":159,"column":57}},"line":159},"9":{"name":"(anonymous_9)","decl":{"start":{"line":175,"column":22},"end":{"line":175,"column":23}},"loc":{"start":{"line":175,"column":42},"end":{"line":213,"column":1}},"line":175}},"branchMap":{"0":{"loc":{"start":{"line":22,"column":21},"end":{"line":22,"column":40}},"type":"binary-expr","locations":[{"start":{"line":22,"column":21},"end":{"line":22,"column":32}},{"start":{"line":22,"column":36},"end":{"line":22,"column":40}}],"line":22},"1":{"loc":{"start":{"line":100,"column":4},"end":{"line":102,"column":5}},"type":"if","locations":[{"start":{"line":100,"column":4},"end":{"line":102,"column":5}},{"start":{},"end":{}}],"line":100},"2":{"loc":{"start":{"line":128,"column":4},"end":{"line":130,"column":5}},"type":"if","locations":[{"start":{"line":128,"column":4},"end":{"line":130,"column":5}},{"start":{},"end":{}}],"line":128},"3":{"loc":{"start":{"line":137,"column":21},"end":{"line":137,"column":40}},"type":"binary-expr","locations":[{"start":{"line":137,"column":21},"end":{"line":137,"column":32}},{"start":{"line":137,"column":36},"end":{"line":137,"column":40}}],"line":137},"4":{"loc":{"start":{"line":184,"column":4},"end":{"line":186,"column":5}},"type":"if","locations":[{"start":{"line":184,"column":4},"end":{"line":186,"column":5}},{"start":{},"end":{}}],"line":184}},"s":{"0":0,"1":0,"2":0,"3":0,"4":0,"5":0,"6":0,"7":0,"8":0,"9":0,"10":0,"11":0,"12":0,"13":0,"14":0,"15":0,"16":0,"17":0,"18":0,"19":0,"20":0,"21":0,"22":0,"23":0,"24":0,"25":0,"26":0,"27":0,"28":0,"29":0,"30":0,"31":0,"32":0,"33":0,"34":0,"35":0,"36":0,"37":0,"38":0,"39":0,"40":0,"41":0,"42":0,"43":0,"44":0,"45":0,"46":0,"47":0,"48":0,"49":0,"50":0,"51":0,"52":0,"53":0,"54":0},"f":{"0":0,"1":0,"2":0,"3":0,"4":0,"5":0,"6":0,"7":0,"8":0,"9":0},"b":{"0":[0,0],"1":[0,0],"2":[0,0],"3":[0,0],"4":[0,0]}}
,"/home/runner/work/loop-app/loop-app/backend/controllers/uploadController.js": {"path":"/home/runner/work/loop-app/loop-app/backend/controllers/uploadController.js","statementMap":{"0":{"start":{"line":2,"column":20},"end":{"line":14,"column":1}},"1":{"start":{"line":3,"column":2},"end":{"line":13,"column":3}},"2":{"start":{"line":4,"column":4},"end":{"line":6,"column":5}},"3":{"start":{"line":5,"column":6},"end":{"line":5,"column":65}},"4":{"start":{"line":8,"column":21},"end":{"line":8,"column":34}},"5":{"start":{"line":9,"column":4},"end":{"line":9,"column":51}},"6":{"start":{"line":11,"column":4},"end":{"line":11,"column":40}},"7":{"start":{"line":12,"column":4},"end":{"line":12,"column":67}},"8":{"start":{"line":16,"column":0},"end":{"line":16,"column":33}}},"fnMap":{"0":{"name":"(anonymous_0)","decl":{"start":{"line":2,"column":20},"end":{"line":2,"column":21}},"loc":{"start":{"line":2,"column":40},"end":{"line":14,"column":1}},"line":2}},"branchMap":{"0":{"loc":{"start":{"line":4,"column":4},"end":{"line":6,"column":5}},"type":"if","locations":[{"start":{"line":4,"column":4},"end":{"line":6,"column":5}},{"start":{},"end":{}}],"line":4}},"s":{"0":0,"1":0,"2":0,"3":0,"4":0,"5":0,"6":0,"7":0,"8":0},"f":{"0":0},"b":{"0":[0,0]}}
,"/home/runner/work/loop-app/loop-app/backend/controllers/userController.js": {"path":"/home/runner/work/loop-app/loop-app/backend/controllers/userController.js","statementMap":{"0":{"start":{"line":1,"column":25},"end":{"line":1,"column":50}},"1":{"start":{"line":2,"column":15},"end":{"line":2,"column":33}},"2":{"start":{"line":4,"column":0},"end":{"line":16,"column":2}},"3":{"start":{"line":5,"column":2},"end":{"line":5,"column":74}},"4":{"start":{"line":5,"column":17},"end":{"line":5,"column":74}},"5":{"start":{"line":7,"column":2},"end":{"line":15,"column":3}},"6":{"start":{"line":8,"column":17},"end":{"line":8,"column":77}},"7":{"start":{"line":9,"column":4},"end":{"line":9,"column":74}},"8":{"start":{"line":9,"column":15},"end":{"line":9,"column":74}},"9":{"start":{"line":11,"column":4},"end":{"line":11,"column":71}},"10":{"start":{"line":13,"column":4},"end":{"line":13,"column":49}},"11":{"start":{"line":14,"column":4},"end":{"line":14,"column":56}},"12":{"start":{"line":18,"column":0},"end":{"line":43,"column":2}},"13":{"start":{"line":19,"column":46},"end":{"line":19,"column":54}},"14":{"start":{"line":21,"column":21},"end":{"line":21,"column":23}},"15":{"start":{"line":22,"column":2},"end":{"line":23,"column":42}},"16":{"start":{"line":23,"column":4},"end":{"line":23,"column":42}},"17":{"start":{"line":24,"column":2},"end":{"line":25,"column":36}},"18":{"start":{"line":25,"column":4},"end":{"line":25,"column":36}},"19":{"start":{"line":26,"column":2},"end":{"line":27,"column":54}},"20":{"start":{"line":27,"column":4},"end":{"line":27,"column":54}},"21":{"start":{"line":29,"column":2},"end":{"line":31,"column":3}},"22":{"start":{"line":30,"column":4},"end":{"line":30,"column":74}},"23":{"start":{"line":33,"column":2},"end":{"line":42,"column":3}},"24":{"start":{"line":34,"column":24},"end":{"line":37,"column":6}},"25":{"start":{"line":38,"column":4},"end":{"line":38,"column":78}},"26":{"start":{"line":40,"column":4},"end":{"line":40,"column":49}},"27":{"start":{"line":41,"column":4},"end":{"line":41,"column":71}},"28":{"start":{"line":45,"column":0},"end":{"line":55,"column":2}},"29":{"start":{"line":46,"column":2},"end":{"line":54,"column":3}},"30":{"start":{"line":47,"column":4},"end":{"line":47,"column":61}},"31":{"start":{"line":48,"column":4},"end":{"line":48,"column":69}},"32":{"start":{"line":50,"column":4},"end":{"line":50,"column":49}},"33":{"start":{"line":51,"column":4},"end":{"line":53,"column":68}}},"fnMap":{"0":{"name":"(anonymous_0)","decl":{"start":{"line":4,"column":15},"end":{"line":4,"column":16}},"loc":{"start":{"line":4,"column":35},"end":{"line":16,"column":1}},"line":4},"1":{"name":"(anonymous_1)","decl":{"start":{"line":18,"column":21},"end":{"line":18,"column":22}},"loc":{"start":{"line":18,"column":41},"end":{"line":43,"column":1}},"line":18},"2":{"name":"(anonymous_2)","decl":{"start":{"line":45,"column":21},"end":{"line":45,"column":22}},"loc":{"start":{"line":45,"column":41},"end":{"line":55,"column":1}},"line":45}},"branchMap":{"0":{"loc":{"start":{"line":5,"column":2},"end":{"line":5,"column":74}},"type":"if","locations":[{"start":{"line":5,"column":2},"end":{"line":5,"column":74}},{"start":{},"end":{}}],"line":5},"1":{"loc":{"start":{"line":9,"column":4},"end":{"line":9,"column":74}},"type":"if","locations":[{"start":{"line":9,"column":4},"end":{"line":9,"column":74}},{"start":{},"end":{}}],"line":9},"2":{"loc":{"start":{"line":22,"column":2},"end":{"line":23,"column":42}},"type":"if","locations":[{"start":{"line":22,"column":2},"end":{"line":23,"column":42}},{"start":{},"end":{}}],"line":22},"3":{"loc":{"start":{"line":22,"column":6},"end":{"line":22,"column":60}},"type":"binary-expr","locations":[{"start":{"line":22,"column":6},"end":{"line":22,"column":34}},{"start":{"line":22,"column":38},"end":{"line":22,"column":60}}],"line":22},"4":{"loc":{"start":{"line":24,"column":2},"end":{"line":25,"column":36}},"type":"if","locations":[{"start":{"line":24,"column":2},"end":{"line":25,"column":36}},{"start":{},"end":{}}],"line":24},"5":{"loc":{"start":{"line":24,"column":6},"end":{"line":24,"column":54}},"type":"binary-expr","locations":[{"start":{"line":24,"column":6},"end":{"line":24,"column":31}},{"start":{"line":24,"column":35},"end":{"line":24,"column":54}}],"line":24},"6":{"loc":{"start":{"line":26,"column":2},"end":{"line":27,"column":54}},"type":"if","locations":[{"start":{"line":26,"column":2},"end":{"line":27,"column":54}},{"start":{},"end":{}}],"line":26},"7":{"loc":{"start":{"line":26,"column":6},"end":{"line":26,"column":72}},"type":"binary-expr","locations":[{"start":{"line":26,"column":6},"end":{"line":26,"column":40}},{"start":{"line":26,"column":44},"end":{"line":26,"column":72}}],"line":26},"8":{"loc":{"start":{"line":29,"column":2},"end":{"line":31,"column":3}},"type":"if","locations":[{"start":{"line":29,"column":2},"end":{"line":31,"column":3}},{"start":{},"end":{}}],"line":29}},"s":{"0":0,"1":0,"2":0,"3":0,"4":0,"5":0,"6":0,"7":0,"8":0,"9":0,"10":0,"11":0,"12":0,"13":0,"14":0,"15":0,"16":0,"17":0,"18":0,"19":0,"20":0,"21":0,"22":0,"23":0,"24":0,"25":0,"26":0,"27":0,"28":0,"29":0,"30":0,"31":0,"32":0,"33":0},"f":{"0":0,"1":0,"2":0},"b":{"0":[0,0],"1":[0,0],"2":[0,0],"3":[0,0],"4":[0,0],"5":[0,0],"6":[0,0],"7":[0,0],"8":[0,0]}}
,"/home/runner/work/loop-app/loop-app/backend/services/image.service.js": {"path":"/home/runner/work/loop-app/loop-app/backend/services/image.service.js","statementMap":{"0":{"start":{"line":1,"column":25},"end":{"line":1,"column":50}},"1":{"start":{"line":2,"column":15},"end":{"line":2,"column":33}},"2":{"start":{"line":6,"column":16},"end":{"line":8,"column":4}},"3":{"start":{"line":10,"column":2},"end":{"line":10,"column":32}},"4":{"start":{"line":13,"column":0},"end":{"line":13,"column":40}}},"fnMap":{"0":{"name":"createImageService","decl":{"start":{"line":4,"column":15},"end":{"line":4,"column":33}},"loc":{"start":{"line":4,"column":39},"end":{"line":11,"column":1}},"line":4}},"branchMap":{},"s":{"0":1,"1":1,"2":3,"3":2,"4":1},"f":{"0":3},"b":{},"_coverageSchema":"1a1c01bbd47fc00a2c39e90264f33305004495a9","hash":"9d15f49f28c7b1dfa8d1b9d5053b2085adda044b"}
}
